# JRE version: Java(TM) SE Runtime Environment (21.0.9+7) (build 21.0.9+7-LTS-338)
# Java VM: Java HotSpot(TM) 64-Bit Server VM (21.0.9+7-LTS-338, mixed mode, emulated-client, sharing, tiered, compressed oops, compressed class ptrs, g1 gc, windows-amd64)
GC Precious Log:
 CardTable entry size: 512
 Card Set container configuration: InlinePtr #cards 5 size 8 Array Of Cards #cards 12 size 40 Howl #buckets 4 coarsen threshold 1843 Howl Bitmap #cards 512 size 80 coarsen threshold 460 Card regions per heap region 1 cards per card region 2048
 CPUs: 4 total, 4 available
 Memory: 3917M
 Large Page Support: Disabled
 NUMA Support: Disabled
 Compressed Oops: Enabled (32-bit)
 Heap Region Size: 1M
 Heap Min Capacity: 8M
 Heap Initial Capacity: 62M
 Heap Max Capacity: 980M
 Pre-touch: Disabled
 Parallel Workers: 4
 Concurrent Workers: 1
 Concurrent Refinement Workers: 4
 Periodic GC: Disabled
Heap:
 garbage-first heap   total 58368K, used 41603K [0x00000000c2c00000, 0x0000000100000000)
  region size 1024K, 17 young (17408K), 2 survivors (2048K)
 Metaspace       used 55865K, committed 56448K, reserved 1114112K
  class space    used 7758K, committed 8000K, reserved 1048576K
GC Heap History (20 events):
Event: 8.760 GC heap before
{Heap before GC invocations=1 (full 0):
 garbage-first heap   total 63488K, used 17408K [0x00000000c2c00000, 0x0000000100000000)
  region size 1024K, 11 young (11264K), 2 survivors (2048K)
 Metaspace       used 6726K, committed 6976K, reserved 1114112K
  class space    used 781K, committed 896K, reserved 1048576K
}
Event: 8.769 GC heap after
{Heap after GC invocations=2 (full 0):
 garbage-first heap   total 63488K, used 10443K [0x00000000c2c00000, 0x0000000100000000)
  region size 1024K, 2 young (2048K), 2 survivors (2048K)
 Metaspace       used 6726K, committed 6976K, reserved 1114112K
  class space    used 781K, committed 896K, reserved 1048576K
}
Event: 11.042 GC heap before
{Heap before GC invocations=2 (full 0):
 garbage-first heap   total 63488K, used 30923K [0x00000000c2c00000, 0x0000000100000000)
  region size 1024K, 23 young (23552K), 2 survivors (2048K)
 Metaspace       used 11540K, committed 11904K, reserved 1114112K
  class space    used 1534K, committed 1728K, reserved 1048576K
}
Event: 11.047 GC heap after
{Heap after GC invocations=3 (full 0):
 garbage-first heap   total 63488K, used 12034K [0x00000000c2c00000, 0x0000000100000000)
  region size 1024K, 3 young (3072K), 3 survivors (3072K)
 Metaspace       used 11540K, committed 11904K, reserved 1114112K
  class space    used 1534K, committed 1728K, reserved 1048576K
}
Event: 11.805 GC heap before
{Heap before GC invocations=3 (full 0):
 garbage-first heap   total 63488K, used 41730K [0x00000000c2c00000, 0x0000000100000000)
  region size 1024K, 33 young (33792K), 3 survivors (3072K)
 Metaspace       used 18364K, committed 18688K, reserved 1114112K
  class space    used 2431K, committed 2560K, reserved 1048576K
}
Event: 11.814 GC heap after
{Heap after GC invocations=4 (full 0):
 garbage-first heap   total 63488K, used 14264K [0x00000000c2c00000, 0x0000000100000000)
  region size 1024K, 4 young (4096K), 4 survivors (4096K)
 Metaspace       used 18364K, committed 18688K, reserved 1114112K
  class space    used 2431K, committed 2560K, reserved 1048576K
}
Event: 12.527 GC heap before
{Heap before GC invocations=4 (full 0):
 garbage-first heap   total 63488K, used 27576K [0x00000000c2c00000, 0x0000000100000000)
  region size 1024K, 19 young (19456K), 4 survivors (4096K)
 Metaspace       used 21205K, committed 21504K, reserved 1114112K
  class space    used 2752K, committed 2880K, reserved 1048576K
}
Event: 12.535 GC heap after
{Heap after GC invocations=5 (full 0):
 garbage-first heap   total 63488K, used 15912K [0x00000000c2c00000, 0x0000000100000000)
  region size 1024K, 4 young (4096K), 4 survivors (4096K)
 Metaspace       used 21205K, committed 21504K, reserved 1114112K
  class space    used 2752K, committed 2880K, reserved 1048576K
}
Event: 16.496 GC heap before
{Heap before GC invocations=6 (full 0):
 garbage-first heap   total 58368K, used 45608K [0x00000000c2c00000, 0x0000000100000000)
  region size 1024K, 34 young (34816K), 4 survivors (4096K)
 Metaspace       used 24256K, committed 24576K, reserved 1114112K
  class space    used 3231K, committed 3392K, reserved 1048576K
}
Event: 16.515 GC heap after
{Heap after GC invocations=7 (full 0):
 garbage-first heap   total 58368K, used 17748K [0x00000000c2c00000, 0x0000000100000000)
  region size 1024K, 4 young (4096K), 4 survivors (4096K)
 Metaspace       used 24256K, committed 24576K, reserved 1114112K
  class space    used 3231K, committed 3392K, reserved 1048576K
}
Event: 19.584 GC heap before
{Heap before GC invocations=7 (full 0):
 garbage-first heap   total 58368K, used 45396K [0x00000000c2c00000, 0x0000000100000000)
  region size 1024K, 32 young (32768K), 4 survivors (4096K)
 Metaspace       used 28283K, committed 28672K, reserved 1114112K
  class space    used 3918K, committed 4096K, reserved 1048576K
}
Event: 19.605 GC heap after
{Heap after GC invocations=8 (full 0):
 garbage-first heap   total 58368K, used 20073K [0x00000000c2c00000, 0x0000000100000000)
  region size 1024K, 2 young (2048K), 2 survivors (2048K)
 Metaspace       used 28283K, committed 28672K, reserved 1114112K
  class space    used 3918K, committed 4096K, reserved 1048576K
}
Event: 21.346 GC heap before
{Heap before GC invocations=8 (full 0):
 garbage-first heap   total 58368K, used 48745K [0x00000000c2c00000, 0x0000000100000000)
  region size 1024K, 29 young (29696K), 2 survivors (2048K)
 Metaspace       used 32789K, committed 33408K, reserved 1114112K
  class space    used 4567K, committed 4864K, reserved 1048576K
}
Event: 21.355 GC heap after
{Heap after GC invocations=9 (full 0):
 garbage-first heap   total 58368K, used 22892K [0x00000000c2c00000, 0x0000000100000000)
  region size 1024K, 4 young (4096K), 4 survivors (4096K)
 Metaspace       used 32789K, committed 33408K, reserved 1114112K
  class space    used 4567K, committed 4864K, reserved 1048576K
}
Event: 22.215 GC heap before
{Heap before GC invocations=9 (full 0):
 garbage-first heap   total 58368K, used 36204K [0x00000000c2c00000, 0x0000000100000000)
  region size 1024K, 19 young (19456K), 4 survivors (4096K)
 Metaspace       used 35445K, committed 35968K, reserved 1114112K
  class space    used 4935K, committed 5184K, reserved 1048576K
}
Event: 22.250 GC heap after
{Heap after GC invocations=10 (full 0):
 garbage-first heap   total 58368K, used 23914K [0x00000000c2c00000, 0x0000000100000000)
  region size 1024K, 1 young (1024K), 1 survivors (1024K)
 Metaspace       used 35445K, committed 35968K, reserved 1114112K
  class space    used 4935K, committed 5184K, reserved 1048576K
}
Event: 26.170 GC heap before
{Heap before GC invocations=11 (full 0):
 garbage-first heap   total 58368K, used 49514K [0x00000000c2c00000, 0x0000000100000000)
  region size 1024K, 26 young (26624K), 1 survivors (1024K)
 Metaspace       used 45625K, committed 46272K, reserved 1114112K
  class space    used 6282K, committed 6592K, reserved 1048576K
}
Event: 26.175 GC heap after
{Heap after GC invocations=12 (full 0):
 garbage-first heap   total 58368K, used 26518K [0x00000000c2c00000, 0x0000000100000000)
  region size 1024K, 4 young (4096K), 4 survivors (4096K)
 Metaspace       used 45625K, committed 46272K, reserved 1114112K
  class space    used 6282K, committed 6592K, reserved 1048576K
}
Event: 27.208 GC heap before
{Heap before GC invocations=12 (full 0):
 garbage-first heap   total 58368K, used 49046K [0x00000000c2c00000, 0x0000000100000000)
  region size 1024K, 26 young (26624K), 4 survivors (4096K)
 Metaspace       used 50592K, committed 51200K, reserved 1114112K
  class space    used 6942K, committed 7232K, reserved 1048576K
}
Event: 27.218 GC heap after
{Heap after GC invocations=13 (full 0):
 garbage-first heap   total 58368K, used 27267K [0x00000000c2c00000, 0x0000000100000000)
  region size 1024K, 2 young (2048K), 2 survivors (2048K)
 Metaspace       used 50592K, committed 51200K, reserved 1114112K
  class space    used 6942K, committed 7232K, reserved 1048576K
}

