# JRE version: Java(TM) SE Runtime Environment (21.0.9+7) (build 21.0.9+7-LTS-338)
# Java VM: Java HotSpot(TM) 64-Bit Server VM (21.0.9+7-LTS-338, mixed mode, emulated-client, sharing, tiered, compressed oops, compressed class ptrs, g1 gc, windows-amd64)
GC Precious Log:
 CardTable entry size: 512
 Card Set container configuration: InlinePtr #cards 5 size 8 Array Of Cards #cards 12 size 40 Howl #buckets 4 coarsen threshold 1843 Howl Bitmap #cards 512 size 80 coarsen threshold 460 Card regions per heap region 1 cards per card region 2048
 CPUs: 4 total, 4 available
 Memory: 3917M
 Large Page Support: Disabled
 NUMA Support: Disabled
 Compressed Oops: Enabled (32-bit)
 Heap Region Size: 1M
 Heap Min Capacity: 8M
 Heap Initial Capacity: 62M
 Heap Max Capacity: 980M
 Pre-touch: Disabled
 Parallel Workers: 4
 Concurrent Workers: 1
 Concurrent Refinement Workers: 4
 Periodic GC: Disabled
Heap:
 garbage-first heap   total 76800K, used 40935K [0x00000000c2c00000, 0x0000000100000000)
  region size 1024K, 7 young (7168K), 4 survivors (4096K)
 Metaspace       used 73634K, committed 74432K, reserved 1114112K
  class space    used 10432K, committed 10752K, reserved 1048576K
GC Heap History (20 events):
Event: 4.739 GC heap before
{Heap before GC invocations=6 (full 0):
 garbage-first heap   total 63488K, used 48805K [0x00000000c2c00000, 0x0000000100000000)
  region size 1024K, 36 young (36864K), 5 survivors (5120K)
 Metaspace       used 24749K, committed 25216K, reserved 1114112K
  class space    used 3297K, committed 3520K, reserved 1048576K
}
Event: 4.750 GC heap after
{Heap after GC invocations=7 (full 0):
 garbage-first heap   total 63488K, used 18857K [0x00000000c2c00000, 0x0000000100000000)
  region size 1024K, 4 young (4096K), 4 survivors (4096K)
 Metaspace       used 24749K, committed 25216K, reserved 1114112K
  class space    used 3297K, committed 3520K, reserved 1048576K
}
Event: 6.015 GC heap before
{Heap before GC invocations=7 (full 0):
 garbage-first heap   total 63488K, used 51625K [0x00000000c2c00000, 0x0000000100000000)
  region size 1024K, 36 young (36864K), 4 survivors (4096K)
 Metaspace       used 29143K, committed 29696K, reserved 1114112K
  class space    used 4044K, committed 4288K, reserved 1048576K
}
Event: 6.032 GC heap after
{Heap after GC invocations=8 (full 0):
 garbage-first heap   total 63488K, used 21313K [0x00000000c2c00000, 0x0000000100000000)
  region size 1024K, 5 young (5120K), 5 survivors (5120K)
 Metaspace       used 29143K, committed 29696K, reserved 1114112K
  class space    used 4044K, committed 4288K, reserved 1048576K
}
Event: 7.105 GC heap before
{Heap before GC invocations=8 (full 0):
 garbage-first heap   total 63488K, used 53057K [0x00000000c2c00000, 0x0000000100000000)
  region size 1024K, 36 young (36864K), 5 survivors (5120K)
 Metaspace       used 33748K, committed 34368K, reserved 1114112K
  class space    used 4708K, committed 4992K, reserved 1048576K
}
Event: 7.116 GC heap after
{Heap after GC invocations=9 (full 0):
 garbage-first heap   total 76800K, used 23933K [0x00000000c2c00000, 0x0000000100000000)
  region size 1024K, 5 young (5120K), 5 survivors (5120K)
 Metaspace       used 33748K, committed 34368K, reserved 1114112K
  class space    used 4708K, committed 4992K, reserved 1048576K
}
Event: 7.525 GC heap before
{Heap before GC invocations=9 (full 0):
 garbage-first heap   total 76800K, used 32125K [0x00000000c2c00000, 0x0000000100000000)
  region size 1024K, 14 young (14336K), 5 survivors (5120K)
 Metaspace       used 35481K, committed 36096K, reserved 1114112K
  class space    used 4939K, committed 5248K, reserved 1048576K
}
Event: 7.541 GC heap after
{Heap after GC invocations=10 (full 0):
 garbage-first heap   total 76800K, used 24829K [0x00000000c2c00000, 0x0000000100000000)
  region size 1024K, 4 young (4096K), 4 survivors (4096K)
 Metaspace       used 35481K, committed 36096K, reserved 1114112K
  class space    used 4939K, committed 5248K, reserved 1048576K
}
Event: 10.780 GC heap before
{Heap before GC invocations=11 (full 0):
 garbage-first heap   total 76800K, used 64765K [0x00000000c2c00000, 0x0000000100000000)
  region size 1024K, 43 young (44032K), 4 survivors (4096K)
 Metaspace       used 48304K, committed 48960K, reserved 1114112K
  class space    used 6654K, committed 6976K, reserved 1048576K
}
Event: 10.794 GC heap after
{Heap after GC invocations=12 (full 0):
 garbage-first heap   total 76800K, used 28342K [0x00000000c2c00000, 0x0000000100000000)
  region size 1024K, 5 young (5120K), 5 survivors (5120K)
 Metaspace       used 48304K, committed 48960K, reserved 1114112K
  class space    used 6654K, committed 6976K, reserved 1048576K
}
Event: 13.600 GC heap before
{Heap before GC invocations=12 (full 0):
 garbage-first heap   total 76800K, used 65206K [0x00000000c2c00000, 0x0000000100000000)
  region size 1024K, 41 young (41984K), 5 survivors (5120K)
 Metaspace       used 58207K, committed 58880K, reserved 1114112K
  class space    used 8151K, committed 8448K, reserved 1048576K
}
Event: 13.609 GC heap after
{Heap after GC invocations=13 (full 0):
 garbage-first heap   total 76800K, used 29552K [0x00000000c2c00000, 0x0000000100000000)
  region size 1024K, 2 young (2048K), 2 survivors (2048K)
 Metaspace       used 58207K, committed 58880K, reserved 1114112K
  class space    used 8151K, committed 8448K, reserved 1048576K
}
Event: 14.077 GC heap before
{Heap before GC invocations=13 (full 0):
 garbage-first heap   total 76800K, used 34672K [0x00000000c2c00000, 0x0000000100000000)
  region size 1024K, 8 young (8192K), 2 survivors (2048K)
 Metaspace       used 59637K, committed 60288K, reserved 1114112K
  class space    used 8369K, committed 8640K, reserved 1048576K
}
Event: 14.080 GC heap after
{Heap after GC invocations=14 (full 0):
 garbage-first heap   total 76800K, used 29618K [0x00000000c2c00000, 0x0000000100000000)
  region size 1024K, 2 young (2048K), 2 survivors (2048K)
 Metaspace       used 59637K, committed 60288K, reserved 1114112K
  class space    used 8369K, committed 8640K, reserved 1048576K
}
Event: 15.553 GC heap before
{Heap before GC invocations=15 (full 0):
 garbage-first heap   total 76800K, used 67506K [0x00000000c2c00000, 0x0000000100000000)
  region size 1024K, 39 young (39936K), 2 survivors (2048K)
 Metaspace       used 66438K, committed 67200K, reserved 1114112K
  class space    used 9380K, committed 9728K, reserved 1048576K
}
Event: 15.561 GC heap after
{Heap after GC invocations=16 (full 0):
 garbage-first heap   total 76800K, used 32942K [0x00000000c2c00000, 0x0000000100000000)
  region size 1024K, 5 young (5120K), 5 survivors (5120K)
 Metaspace       used 66438K, committed 67200K, reserved 1114112K
  class space    used 9380K, committed 9728K, reserved 1048576K
}
Event: 16.963 GC heap before
{Heap before GC invocations=16 (full 0):
 garbage-first heap   total 76800K, used 65710K [0x00000000c2c00000, 0x0000000100000000)
  region size 1024K, 37 young (37888K), 5 survivors (5120K)
 Metaspace       used 70058K, committed 70848K, reserved 1114112K
  class space    used 9904K, committed 10240K, reserved 1048576K
}
Event: 16.975 GC heap after
{Heap after GC invocations=17 (full 0):
 garbage-first heap   total 76800K, used 36072K [0x00000000c2c00000, 0x0000000100000000)
  region size 1024K, 4 young (4096K), 4 survivors (4096K)
 Metaspace       used 70058K, committed 70848K, reserved 1114112K
  class space    used 9904K, committed 10240K, reserved 1048576K
}
Event: 18.624 GC heap before
{Heap before GC invocations=17 (full 0):
 garbage-first heap   total 76800K, used 65768K [0x00000000c2c00000, 0x0000000100000000)
  region size 1024K, 34 young (34816K), 4 survivors (4096K)
 Metaspace       used 73201K, committed 74048K, reserved 1114112K
  class space    used 10378K, committed 10752K, reserved 1048576K
}
Event: 18.635 GC heap after
{Heap after GC invocations=18 (full 0):
 garbage-first heap   total 76800K, used 38887K [0x00000000c2c00000, 0x0000000100000000)
  region size 1024K, 4 young (4096K), 4 survivors (4096K)
 Metaspace       used 73201K, committed 74048K, reserved 1114112K
  class space    used 10378K, committed 10752K, reserved 1048576K
}

