# JRE version: Java(TM) SE Runtime Environment (21.0.9+7) (build 21.0.9+7-LTS-338)
# Java VM: Java HotSpot(TM) 64-Bit Server VM (21.0.9+7-LTS-338, mixed mode, emulated-client, sharing, tiered, compressed oops, compressed class ptrs, g1 gc, windows-amd64)
GC Precious Log:
 CardTable entry size: 512
 Card Set container configuration: InlinePtr #cards 5 size 8 Array Of Cards #cards 12 size 40 Howl #buckets 4 coarsen threshold 1843 Howl Bitmap #cards 512 size 80 coarsen threshold 460 Card regions per heap region 1 cards per card region 2048
 CPUs: 4 total, 4 available
 Memory: 3917M
 Large Page Support: Disabled
 NUMA Support: Disabled
 Compressed Oops: Enabled (32-bit)
 Heap Region Size: 1M
 Heap Min Capacity: 8M
 Heap Initial Capacity: 62M
 Heap Max Capacity: 980M
 Pre-touch: Disabled
 Parallel Workers: 4
 Concurrent Workers: 1
 Concurrent Refinement Workers: 4
 Periodic GC: Disabled
Heap:
 garbage-first heap   total 63488K, used 31158K [0x00000000c2c00000, 0x0000000100000000)
  region size 1024K, 3 young (3072K), 2 survivors (2048K)
 Metaspace       used 58242K, committed 58816K, reserved 1114112K
  class space    used 7987K, committed 8256K, reserved 1048576K
GC Heap History (20 events):
Event: 22.753 GC heap before
{Heap before GC invocations=3 (full 0):
 garbage-first heap   total 63488K, used 41390K [0x00000000c2c00000, 0x0000000100000000)
  region size 1024K, 32 young (32768K), 3 survivors (3072K)
 Metaspace       used 17590K, committed 17920K, reserved 1114112K
  class space    used 2377K, committed 2496K, reserved 1048576K
}
Event: 22.761 GC heap after
{Heap after GC invocations=4 (full 0):
 garbage-first heap   total 63488K, used 14945K [0x00000000c2c00000, 0x0000000100000000)
  region size 1024K, 4 young (4096K), 4 survivors (4096K)
 Metaspace       used 17590K, committed 17920K, reserved 1114112K
  class space    used 2377K, committed 2496K, reserved 1048576K
}
Event: 23.605 GC heap before
{Heap before GC invocations=4 (full 0):
 garbage-first heap   total 63488K, used 31329K [0x00000000c2c00000, 0x0000000100000000)
  region size 1024K, 22 young (22528K), 4 survivors (4096K)
 Metaspace       used 21182K, committed 21504K, reserved 1114112K
  class space    used 2735K, committed 2880K, reserved 1048576K
}
Event: 23.625 GC heap after
{Heap after GC invocations=5 (full 0):
 garbage-first heap   total 63488K, used 16841K [0x00000000c2c00000, 0x0000000100000000)
  region size 1024K, 4 young (4096K), 4 survivors (4096K)
 Metaspace       used 21182K, committed 21504K, reserved 1114112K
  class space    used 2735K, committed 2880K, reserved 1048576K
}
Event: 27.719 GC heap before
{Heap before GC invocations=6 (full 0):
 garbage-first heap   total 63488K, used 50633K [0x00000000c2c00000, 0x0000000100000000)
  region size 1024K, 37 young (37888K), 4 survivors (4096K)
 Metaspace       used 24289K, committed 24640K, reserved 1114112K
  class space    used 3221K, committed 3392K, reserved 1048576K
}
Event: 27.729 GC heap after
{Heap after GC invocations=7 (full 0):
 garbage-first heap   total 63488K, used 19184K [0x00000000c2c00000, 0x0000000100000000)
  region size 1024K, 5 young (5120K), 5 survivors (5120K)
 Metaspace       used 24289K, committed 24640K, reserved 1114112K
  class space    used 3221K, committed 3392K, reserved 1048576K
}
Event: 29.875 GC heap before
{Heap before GC invocations=7 (full 0):
 garbage-first heap   total 63488K, used 49904K [0x00000000c2c00000, 0x0000000100000000)
  region size 1024K, 35 young (35840K), 5 survivors (5120K)
 Metaspace       used 28423K, committed 28864K, reserved 1114112K
  class space    used 3953K, committed 4160K, reserved 1048576K
}
Event: 29.897 GC heap after
{Heap after GC invocations=8 (full 0):
 garbage-first heap   total 63488K, used 21517K [0x00000000c2c00000, 0x0000000100000000)
  region size 1024K, 3 young (3072K), 3 survivors (3072K)
 Metaspace       used 28423K, committed 28864K, reserved 1114112K
  class space    used 3953K, committed 4160K, reserved 1048576K
}
Event: 31.920 GC heap before
{Heap before GC invocations=8 (full 0):
 garbage-first heap   total 63488K, used 52237K [0x00000000c2c00000, 0x0000000100000000)
  region size 1024K, 33 young (33792K), 3 survivors (3072K)
 Metaspace       used 33164K, committed 33600K, reserved 1114112K
  class space    used 4558K, committed 4800K, reserved 1048576K
}
Event: 31.934 GC heap after
{Heap after GC invocations=9 (full 0):
 garbage-first heap   total 63488K, used 23667K [0x00000000c2c00000, 0x0000000100000000)
  region size 1024K, 5 young (5120K), 5 survivors (5120K)
 Metaspace       used 33164K, committed 33600K, reserved 1114112K
  class space    used 4558K, committed 4800K, reserved 1048576K
}
Event: 34.624 GC heap before
{Heap before GC invocations=9 (full 0):
 garbage-first heap   total 63488K, used 53363K [0x00000000c2c00000, 0x0000000100000000)
  region size 1024K, 34 young (34816K), 5 survivors (5120K)
 Metaspace       used 35403K, committed 35840K, reserved 1114112K
  class space    used 4865K, committed 5056K, reserved 1048576K
}
Event: 34.643 GC heap after
{Heap after GC invocations=10 (full 0):
 garbage-first heap   total 63488K, used 25043K [0x00000000c2c00000, 0x0000000100000000)
  region size 1024K, 4 young (4096K), 4 survivors (4096K)
 Metaspace       used 35403K, committed 35840K, reserved 1114112K
  class space    used 4865K, committed 5056K, reserved 1048576K
}
Event: 34.815 GC heap before
{Heap before GC invocations=10 (full 0):
 garbage-first heap   total 63488K, used 30163K [0x00000000c2c00000, 0x0000000100000000)
  region size 1024K, 10 young (10240K), 4 survivors (4096K)
 Metaspace       used 35707K, committed 36160K, reserved 1114112K
  class space    used 4913K, committed 5120K, reserved 1048576K
}
Event: 34.825 GC heap after
{Heap after GC invocations=11 (full 0):
 garbage-first heap   total 63488K, used 25585K [0x00000000c2c00000, 0x0000000100000000)
  region size 1024K, 3 young (3072K), 3 survivors (3072K)
 Metaspace       used 35707K, committed 36160K, reserved 1114112K
  class space    used 4913K, committed 5120K, reserved 1048576K
}
Event: 35.888 GC heap before
{Heap before GC invocations=12 (full 0):
 garbage-first heap   total 63488K, used 55281K [0x00000000c2c00000, 0x0000000100000000)
  region size 1024K, 32 young (32768K), 3 survivors (3072K)
 Metaspace       used 40289K, committed 40896K, reserved 1114112K
  class space    used 5586K, committed 5888K, reserved 1048576K
}
Event: 35.899 GC heap after
{Heap after GC invocations=13 (full 0):
 garbage-first heap   total 63488K, used 27066K [0x00000000c2c00000, 0x0000000100000000)
  region size 1024K, 4 young (4096K), 4 survivors (4096K)
 Metaspace       used 40289K, committed 40896K, reserved 1114112K
  class space    used 5586K, committed 5888K, reserved 1048576K
}
Event: 37.972 GC heap before
{Heap before GC invocations=13 (full 0):
 garbage-first heap   total 63488K, used 54714K [0x00000000c2c00000, 0x0000000100000000)
  region size 1024K, 31 young (31744K), 4 survivors (4096K)
 Metaspace       used 50737K, committed 51328K, reserved 1114112K
  class space    used 6940K, committed 7232K, reserved 1048576K
}
Event: 37.982 GC heap after
{Heap after GC invocations=14 (full 0):
 garbage-first heap   total 63488K, used 29284K [0x00000000c2c00000, 0x0000000100000000)
  region size 1024K, 4 young (4096K), 4 survivors (4096K)
 Metaspace       used 50737K, committed 51328K, reserved 1114112K
  class space    used 6940K, committed 7232K, reserved 1048576K
}
Event: 39.709 GC heap before
{Heap before GC invocations=14 (full 0):
 garbage-first heap   total 63488K, used 53860K [0x00000000c2c00000, 0x0000000100000000)
  region size 1024K, 29 young (29696K), 4 survivors (4096K)
 Metaspace       used 58184K, committed 58816K, reserved 1114112K
  class space    used 7975K, committed 8256K, reserved 1048576K
}
Event: 39.717 GC heap after
{Heap after GC invocations=15 (full 0):
 garbage-first heap   total 63488K, used 31158K [0x00000000c2c00000, 0x0000000100000000)
  region size 1024K, 2 young (2048K), 2 survivors (2048K)
 Metaspace       used 58184K, committed 58816K, reserved 1114112K
  class space    used 7975K, committed 8256K, reserved 1048576K
}

